build/outputs/mapping/release/seeds.txt
dev.momo.library.core.BuildConfig
dev.momo.library.core.BuildConfig: boolean DEBUG
dev.momo.library.core.BuildConfig: java.lang.String APPLICATION_ID
dev.momo.library.core.BuildConfig: java.lang.String BUILD_TYPE
dev.momo.library.core.BuildConfig: java.lang.String FLAVOR
dev.momo.library.core.BuildConfig: int VERSION_CODE
dev.momo.library.core.BuildConfig: java.lang.String VERSION_NAME
dev.momo.library.core.BuildConfig: BuildConfig()
dev.momo.library.core.Constants
dev.momo.library.core.Constants: int NETWORK_NONE
dev.momo.library.core.Constants: int NETWORK_3G
dev.momo.library.core.Constants: int NETWORK_WIFI
dev.momo.library.core.Constants: int ACTION_OTHER
dev.momo.library.core.Constants: int ACTION_ADD
dev.momo.library.core.Constants: int ACTION_EDIT
dev.momo.library.core.Constants: int ACTION_DELETE
dev.momo.library.core.Constants: int REQUEST_CHECK_EMAIL
dev.momo.library.core.Constants: Constants()
dev.momo.library.core.Helper
dev.momo.library.core.Helper: java.lang.String TAG
dev.momo.library.core.Helper: android.os.HandlerThread backgroundHandlerThread
dev.momo.library.core.Helper: android.os.Handler backgroundHandler
dev.momo.library.core.Helper: android.os.Handler mainUIHandler
dev.momo.library.core.Helper: android.os.Handler handler
dev.momo.library.core.Helper: android.content.ContextWrapper contextWrapper
dev.momo.library.core.Helper: android.content.Context applicationContext
dev.momo.library.core.Helper: dev.momo.library.core.Helper helper
dev.momo.library.core.Helper: Helper(android.content.Context)
dev.momo.library.core.Helper: android.content.Context getContext()
dev.momo.library.core.Helper: dev.momo.library.core.Helper initInstance(android.content.Context)
dev.momo.library.core.Helper: boolean isIntentAvailable(android.content.Context,java.lang.String)
dev.momo.library.core.Helper: boolean isNetworkAvailable()
dev.momo.library.core.Helper: java.lang.String getRealPathFromURIKitKat(android.net.Uri,android.content.Context)
dev.momo.library.core.Helper: java.lang.String getRealPathFromURI(android.net.Uri,android.content.Context)
dev.momo.library.core.Helper: java.lang.String getDataColumn(android.content.Context,android.net.Uri,java.lang.String,java.lang.String[])
dev.momo.library.core.Helper: boolean isExternalStorageDocument(android.net.Uri)
dev.momo.library.core.Helper: boolean isDownloadsDocument(android.net.Uri)
dev.momo.library.core.R
dev.momo.library.core.R: R()
dev.momo.library.core.R$anim
dev.momo.library.core.R$anim: int abc_fade_in
dev.momo.library.core.R$anim: int abc_fade_out
dev.momo.library.core.R$anim: int abc_grow_fade_in_from_bottom
dev.momo.library.core.R$anim: int abc_popup_enter
dev.momo.library.core.R$anim: int abc_popup_exit
dev.momo.library.core.R$anim: int abc_shrink_fade_out_from_bottom
dev.momo.library.core.R$anim: int abc_slide_in_bottom
dev.momo.library.core.R$anim: int abc_slide_in_top
dev.momo.library.core.R$anim: int abc_slide_out_bottom
dev.momo.library.core.R$anim: int abc_slide_out_top
dev.momo.library.core.R$anim: int design_bottom_sheet_slide_in
dev.momo.library.core.R$anim: int design_bottom_sheet_slide_out
dev.momo.library.core.R$anim: int design_fab_in
dev.momo.library.core.R$anim: int design_fab_out
dev.momo.library.core.R$anim: int design_snackbar_in
dev.momo.library.core.R$anim: int design_snackbar_out
dev.momo.library.core.R$anim: R$anim()
dev.momo.library.core.R$animator
dev.momo.library.core.R$animator: int design_appbar_state_list_animator
dev.momo.library.core.R$animator: R$animator()
...
android.support.compat.R
android.support.coreui.R
android.support.coreutils.R
android.support.design.R
android.support.design.R$anim
android.support.design.R$anim: int abc_fade_in
android.support.design.R$anim: int abc_fade_out
android.support.design.R$anim: int abc_grow_fade_in_from_bottom
android.support.design.R$anim: int abc_popup_enter
android.support.design.R$anim: int abc_popup_exit
android.support.design.R$anim: int abc_shrink_fade_out_from_bottom
android.support.design.R$anim: int abc_slide_in_bottom
android.support.design.R$anim: int abc_slide_in_top
android.support.design.R$anim: int abc_slide_out_bottom
android.support.design.R$anim: int abc_slide_out_top
android.support.design.R$anim: int design_bottom_sheet_slide_in
android.support.design.R$anim: int design_bottom_sheet_slide_out
android.support.design.R$anim: int design_fab_in
android.support.design.R$anim: int design_fab_out
android.support.design.R$anim: int design_snackbar_in
android.support.design.R$anim: int design_snackbar_out
android.support.design.R$animator
android.support.design.R$animator: int design_appbar_state_list_animator
android.support.design.R$attr
android.support.design.R$attr: int actionBarDivider
android.support.design.R$attr: int actionBarItemBackground
android.support.design.R$attr: int actionBarPopupTheme
android.support.design.R$attr: int actionBarSize
android.support.design.R$attr: int actionBarSplitStyle
android.support.design.R$attr: int actionBarStyle
android.support.design.R$attr: int actionBarTabBarStyle
android.support.design.R$attr: int actionBarTabStyle
android.support.design.R$attr: int actionBarTabTextStyle
android.support.design.R$attr: int actionBarTheme
android.support.design.R$attr: int actionBarWidgetTheme
android.support.design.R$attr: int actionButtonStyle
android.support.design.R$attr: int actionDropDownStyle
android.support.design.R$attr: int actionLayout
android.support.design.R$attr: int actionMenuTextAppearance
android.support.design.R$attr: int actionMenuTextColor
android.support.design.R$attr: int actionModeBackground
android.support.design.R$attr: int actionModeCloseButtonStyle
android.support.design.R$attr: int actionModeCloseDrawable
android.support.design.R$attr: int actionModeCopyDrawable
android.support.design.R$attr: int actionModeCutDrawable
android.support.design.R$attr: int actionModeFindDrawable
android.support.design.R$attr: int actionModePasteDrawable
android.support.design.R$attr: int actionModePopupWindowStyle
android.support.design.R$attr: int actionModeSelectAllDrawable
android.support.design.R$attr: int actionModeShareDrawable
android.support.design.R$bool
android.support.design.R$bool: int abc_action_bar_embed_tabs
android.support.design.R$bool: int abc_allow_stacked_button_bar
android.support.design.R$bool: int abc_config_actionMenuItemAllCaps
android.support.design.R$bool: int abc_config_closeDialogWhenTouchOutside
android.support.design.R$bool: int abc_config_showMenuShortcutsWhenKeyboardPresent