build/outputs/mapping/release/mapping.txt
dev.momo.library.core.BuildConfig -> dev.momo.library.core.BuildConfig:
    boolean DEBUG -> DEBUG
    java.lang.String APPLICATION_ID -> APPLICATION_ID
    java.lang.String BUILD_TYPE -> BUILD_TYPE
    java.lang.String FLAVOR -> FLAVOR
    int VERSION_CODE -> VERSION_CODE
    java.lang.String VERSION_NAME -> VERSION_NAME
    6:6:void <init>() -> <init>
dev.momo.library.core.Constants -> dev.momo.library.core.Constants:
    int NETWORK_NONE -> NETWORK_NONE
    int NETWORK_3G -> NETWORK_3G
    int NETWORK_WIFI -> NETWORK_WIFI
    int ACTION_OTHER -> ACTION_OTHER
    int ACTION_ADD -> ACTION_ADD
    int ACTION_EDIT -> ACTION_EDIT
    int ACTION_DELETE -> ACTION_DELETE
    int REQUEST_CHECK_EMAIL -> REQUEST_CHECK_EMAIL
    3:3:void <init>() -> <init>
dev.momo.library.core.Helper -> dev.momo.library.core.Helper:
    java.lang.String TAG -> TAG
    android.os.HandlerThread backgroundHandlerThread -> backgroundHandlerThread
    android.os.Handler backgroundHandler -> backgroundHandler
    android.os.Handler mainUIHandler -> mainUIHandler
    android.os.Handler handler -> handler
    android.content.ContextWrapper contextWrapper -> contextWrapper
    android.content.Context applicationContext -> applicationContext
    dev.momo.library.core.Helper helper -> helper
    70:85:void <init>(android.content.Context) -> <init>
    88:88:android.content.Context getContext() -> getContext
    93:100:dev.momo.library.core.Helper initInstance(android.content.Context) -> initInstance
    105:108:boolean isIntentAvailable(android.content.Context,java.lang.String) -> isIntentAvailable
    112:117:boolean isNetworkAvailable() -> isNetworkAvailable
    125:162:java.lang.String getRealPathFromURIKitKat(android.net.Uri,android.content.Context) -> getRealPathFromURIKitKat
    167:178:java.lang.String getRealPathFromURI(android.net.Uri,android.content.Context) -> getRealPathFromURI
    192:210:java.lang.String getDataColumn(android.content.Context,android.net.Uri,java.lang.String,java.lang.String[]) -> getDataColumn
    245:245:boolean isExternalStorageDocument(android.net.Uri) -> isExternalStorageDocument
    253:253:boolean isDownloadsDocument(android.net.Uri) -> isDownloadsDocument
dev.momo.library.core.R -> dev.momo.library.core.R:
    10:10:void <init>() -> <init>
dev.momo.library.core.R$anim -> dev.momo.library.core.R$anim:
    int abc_fade_in -> abc_fade_in
    int abc_fade_out -> abc_fade_out
    int abc_grow_fade_in_from_bottom -> abc_grow_fade_in_from_bottom
    int abc_popup_enter -> abc_popup_enter
    int abc_popup_exit -> abc_popup_exit
    int abc_shrink_fade_out_from_bottom -> abc_shrink_fade_out_from_bottom
    int abc_slide_in_bottom -> abc_slide_in_bottom
    int abc_slide_in_top -> abc_slide_in_top
    int abc_slide_out_bottom -> abc_slide_out_bottom
    int abc_slide_out_top -> abc_slide_out_top
    int design_bottom_sheet_slide_in -> design_bottom_sheet_slide_in
    int design_bottom_sheet_slide_out -> design_bottom_sheet_slide_out
    int design_fab_in -> design_fab_in
    int design_fab_out -> design_fab_out
    int design_snackbar_in -> design_snackbar_in
    int design_snackbar_out -> design_snackbar_out
    11:11:void <init>() -> <init>
    12:27:void <clinit>() -> <clinit>
dev.momo.library.core.R$animator -> dev.momo.library.core.R$animator:
    int design_appbar_state_list_animator -> design_appbar_state_list_animator
    29:29:void <init>() -> <init>
    30:30:void <clinit>() -> <clinit>
...
android.support.design.R$drawable -> android.support.design.R$drawable:
    int abc_ab_share_pack_mtrl_alpha -> abc_ab_share_pack_mtrl_alpha
    int abc_action_bar_item_background_material -> abc_action_bar_item_background_material
    int abc_btn_borderless_material -> abc_btn_borderless_material
    int abc_btn_check_material -> abc_btn_check_material
    int abc_btn_check_to_on_mtrl_000 -> abc_btn_check_to_on_mtrl_000
    int abc_btn_check_to_on_mtrl_015 -> abc_btn_check_to_on_mtrl_015
    int abc_btn_colored_material -> abc_btn_colored_material
    int abc_btn_default_mtrl_shape -> abc_btn_default_mtrl_shape
    int abc_btn_radio_material -> abc_btn_radio_material
    int abc_btn_radio_to_on_mtrl_000 -> abc_btn_radio_to_on_mtrl_000
    int abc_btn_radio_to_on_mtrl_015 -> abc_btn_radio_to_on_mtrl_015
    int abc_btn_switch_to_on_mtrl_00001 -> abc_btn_switch_to_on_mtrl_00001
    int abc_btn_switch_to_on_mtrl_00012 -> abc_btn_switch_to_on_mtrl_00012
    int abc_cab_background_internal_bg -> abc_cab_background_internal_bg
    int abc_cab_background_top_material -> abc_cab_background_top_material
    int abc_cab_background_top_mtrl_alpha -> abc_cab_background_top_mtrl_alpha
    int abc_control_background_material -> abc_control_background_material
    int abc_dialog_material_background -> abc_dialog_material_background
    int abc_edit_text_material -> abc_edit_text_material
    int abc_ic_ab_back_material -> abc_ic_ab_back_material
android.support.design.R$id -> android.support.design.R$id:
    int action0 -> action0
    int action_bar -> action_bar
    int action_bar_activity_content -> action_bar_activity_content
    int action_bar_container -> action_bar_container
    int action_bar_root -> action_bar_root
    int action_bar_spinner -> action_bar_spinner
    int action_bar_subtitle -> action_bar_subtitle
    int action_bar_title -> action_bar_title
    int action_container -> action_container
    int action_context_bar -> action_context_bar
    int action_divider -> action_divider
    int action_image -> action_image
    int action_menu_divider -> action_menu_divider
    int action_menu_presenter -> action_menu_presenter
    int action_mode_bar -> action_mode_bar
    int action_mode_bar_stub -> action_mode_bar_stub
    int action_mode_close_button -> action_mode_close_button
    int action_text -> action_text
    int actions -> actions
    int activity_chooser_view_content -> activity_chooser_view_content
    int add -> add
    int alertTitle -> alertTitle
    int all -> all
    int always -> always
    int auto -> auto
    int beginning -> beginning
    int bottom -> bottom
    int buttonPanel -> buttonPanel
    int cancel_action -> cancel_action
    int center -> center
    int center_horizontal -> center_horizontal
    int center_vertical -> center_vertical
    int checkbox -> checkbox
    int chronometer -> chronometer
    int clip_horizontal -> clip_horizontal
android.support.design.R$integer -> android.support.design.R$integer:
    int abc_config_activityDefaultDur -> abc_config_activityDefaultDur
    int abc_config_activityShortDur -> abc_config_activityShortDur
    int app_bar_elevation_anim_duration -> app_bar_elevation_anim_duration
    int bottom_sheet_slide_duration -> bottom_sheet_slide_duration
    int cancel_button_image_alpha -> cancel_button_image_alpha
    int design_snackbar_text_max_lines -> design_snackbar_text_max_lines
    int hide_password_duration -> hide_password_duration
    int show_password_duration -> show_password_duration
    int status_bar_notification_info_maxnum -> status_bar_notification_info_maxnum
    858:858:void <init>() -> <init>
    859:867:void <clinit>() -> <clinit>