build/outputs/mapping/release/usage.txt
dev.momo.library.core.data.recycler.HeaderRecyclerAdapter
dev.momo.library.core.data.recycler.SectionRecyclerAdapter:
    private static final int SECTION_TYPE
dev.momo.library.core.exception.BundleMissException:
    private static final java.lang.String exceptionMessage
dev.momo.library.core.exception.DataNotFundException:
    private static final java.lang.String exceptionMessage
dev.momo.library.core.exception.InaccurateDataException:
    private static final java.lang.String exceptionMessage
dev.momo.library.core.image.PhotoPicker:
    private static final int REQUEST_STORAGE_CODE
dev.momo.library.core.log.Logger:
    private static final java.lang.String TAG_FORMAT
    private static final java.lang.String SYSTEM_LOG_FORMAT
    private static final int LOG_CAT_MAX
    private static final java.lang.String LOG_TIME_FORMAT
    private static final java.lang.String LOG_FORMAT
    private static final java.lang.String LOG_FORMAT_E
dev.momo.library.core.ui.BaseActivity$OrientationConfig
dev.momo.library.core.ui.UIController:
    22:23:void registerUIListener(dev.momo.library.core.ui.UIListener)
    26:27:void unregisterUIListener(dev.momo.library.core.ui.UIListener)
    30:31:void unregisterAllUIListener()
    abstract void onUISend(int,java.lang.Object)
dev.momo.library.core.view.UIController:
    22:23:void registerUIListener(dev.momo.library.core.view.UIListener)
    26:27:void unregisterUIListener(dev.momo.library.core.view.UIListener)
    30:31:void unregisterAllUIListener()
    abstract void onUISend(int,java.lang.Object)